2001.11.25 22:32 B D:\Homepage\2001_gala\images\anfahrtuni.jpg <-- LG Regensburg /2001_gala/images anfahrtuni.jpg
2001.11.25 22:32 B D:\Homepage\2001_gala\images\gala2001cover.jpg <-- LG Regensburg /2001_gala/images gala2001cover.jpg
2001.11.25 22:32 B D:\Homepage\2001_gala\images\gray-corner2.jpg <-- LG Regensburg /2001_gala/images gray-corner2.jpg
2001.11.25 22:32 B D:\Homepage\2001_gala\images\gray-left.jpg <-- LG Regensburg /2001_gala/images gray-left.jpg
2001.11.25 22:32 B D:\Homepage\2001_gala\images\gray-top.jpg <-- LG Regensburg /2001_gala/images gray-top.jpg
2001.11.25 22:32 B D:\Homepage\2001_gala\images\lgdr_logo1.gif <-- LG Regensburg /2001_gala/images lgdr_logo1.gif
2001.11.25 22:32 B D:\Homepage\2001_gala\images\lgdr_logo3.gif <-- LG Regensburg /2001_gala/images lgdr_logo3.gif
2001.11.25 22:32 B D:\Homepage\2001_gala\images\logo_rgb.gif <-- LG Regensburg /2001_gala/images logo_rgb.gif
2001.11.25 22:32 B D:\Homepage\2001_gala\images\logo_rgb.jpg <-- LG Regensburg /2001_gala/images logo_rgb.jpg
2001.11.25 22:32 B D:\Homepage\2001_gala\images\logo_sch_k1.gif <-- LG Regensburg /2001_gala/images logo_sch_k1.gif
2001.11.25 22:32 B D:\Homepage\2001_gala\images\perlred.gif <-- LG Regensburg /2001_gala/images perlred.gif
2001.11.25 22:32 B D:\Homepage\2001_gala\images\space.gif <-- LG Regensburg /2001_gala/images space.gif
2001.11.25 22:32 B D:\Homepage\2001_gala\images\space_transparent.gif <-- LG Regensburg /2001_gala/images space_transparent.gif
2002.01.13 12:06 B e:\Homepage\2002_gala\images\anfahrtuni.jpg --> ftp.lg-regensburg.de /2002_gala/images anfahrtuni.jpg
2002.01.13 12:06 B e:\Homepage\2002_gala\images\gala2001cover.jpg --> ftp.lg-regensburg.de /2002_gala/images gala2001cover.jpg
2002.01.13 12:06 B e:\Homepage\2002_gala\images\gray-corner2.jpg --> ftp.lg-regensburg.de /2002_gala/images gray-corner2.jpg
2002.01.13 12:06 B e:\Homepage\2002_gala\images\gray-left.jpg --> ftp.lg-regensburg.de /2002_gala/images gray-left.jpg
2002.01.13 12:06 B e:\Homepage\2002_gala\images\gray-top.jpg --> ftp.lg-regensburg.de /2002_gala/images gray-top.jpg
2002.01.13 12:06 B e:\Homepage\2002_gala\images\lgdr_logo1.gif --> ftp.lg-regensburg.de /2002_gala/images lgdr_logo1.gif
2002.01.13 12:06 B e:\Homepage\2002_gala\images\lgdr_logo3.gif --> ftp.lg-regensburg.de /2002_gala/images lgdr_logo3.gif
2002.01.13 12:06 B e:\Homepage\2002_gala\images\logo_rgb.gif --> ftp.lg-regensburg.de /2002_gala/images logo_rgb.gif
2002.01.13 12:06 B e:\Homepage\2002_gala\images\logo_rgb.jpg --> ftp.lg-regensburg.de /2002_gala/images logo_rgb.jpg
2002.01.13 12:06 B e:\Homepage\2002_gala\images\logo_sch_k1.gif --> ftp.lg-regensburg.de /2002_gala/images logo_sch_k1.gif
2002.01.13 12:06 B e:\Homepage\2002_gala\images\perlred.gif --> ftp.lg-regensburg.de /2002_gala/images perlred.gif
2002.01.13 12:06 B e:\Homepage\2002_gala\images\space.gif --> ftp.lg-regensburg.de /2002_gala/images space.gif
2002.01.13 12:06 B e:\Homepage\2002_gala\images\space_transparent.gif --> ftp.lg-regensburg.de /2002_gala/images space_transparent.gif
